<?xml version="1.0" encoding="UTF-8" ?>
<testsuite errors="1" failures="0" hostname="Pedro-520" name="com.bookaro.api.PruebasBookaro" skipped="0" tests="1" time="0.111" timestamp="2022-04-15T14:22:47">
  <properties>
[...]
</properties>
  <testcase classname="com.bookaro.api.PruebasBookaro" name="initializationError" time="0.006">
    <error message="Invalid test class &apos;com.bookaro.api.PruebasBookaro&apos;:&#xa;  1. No runnable methods" type="org.junit.runners.model.InvalidTestClassError">org.junit.runners.model.InvalidTestClassError: Invalid test class &apos;com.bookaro.api.PruebasBookaro&apos;:
  1. No runnable methods
	at java.base/jdk.internal.reflect.NativeConstructorAccessorImpl.newInstance0(Native Method)
	at java.base/jdk.internal.reflect.NativeConstructorAccessorImpl.newInstance(NativeConstructorAccessorImpl.java:77)
	at java.base/jdk.internal.reflect.DelegatingConstructorAccessorImpl.newInstance(DelegatingConstructorAccessorImpl.java:45)
	at java.base/java.lang.reflect.Constructor.newInstanceWithCaller(Constructor.java:499)
	at java.base/java.lang.reflect.Constructor.newInstance(Constructor.java:480)
</error>
  </testcase>
  <system-out><![CDATA[]]></system-out>
  <system-err><![CDATA[]]></system-err>
</testsuite>
